{"/home/tobiasegner/jscode/country-info/src/js/apiInterface.js": {"path":"/home/tobiasegner/jscode/country-info/src/js/apiInterface.js","statementMap":{"0":{"start":{"line":5,"column":4},"end":{"line":19,"column":5}},"1":{"start":{"line":6,"column":17},"end":{"line":6,"column":92}},"2":{"start":{"line":7,"column":6},"end":{"line":13,"column":7}},"3":{"start":{"line":8,"column":8},"end":{"line":12,"column":9}},"4":{"start":{"line":9,"column":10},"end":{"line":9,"column":40}},"5":{"start":{"line":11,"column":10},"end":{"line":11,"column":73}},"6":{"start":{"line":14,"column":21},"end":{"line":14,"column":38}},"7":{"start":{"line":15,"column":6},"end":{"line":15,"column":22}},"8":{"start":{"line":17,"column":6},"end":{"line":17,"column":21}},"9":{"start":{"line":18,"column":6},"end":{"line":18,"column":14}}},"fnMap":{"0":{"name":"(anonymous_0)","decl":{"start":{"line":2,"column":2},"end":{"line":2,"column":3}},"loc":{"start":{"line":2,"column":16},"end":{"line":2,"column":18}},"line":2},"1":{"name":"(anonymous_1)","decl":{"start":{"line":4,"column":2},"end":{"line":4,"column":3}},"loc":{"start":{"line":4,"column":33},"end":{"line":22,"column":3}},"line":4}},"branchMap":{"0":{"loc":{"start":{"line":7,"column":6},"end":{"line":13,"column":7}},"type":"if","locations":[{"start":{"line":7,"column":6},"end":{"line":13,"column":7}},{"start":{},"end":{}}],"line":7},"1":{"loc":{"start":{"line":8,"column":8},"end":{"line":12,"column":9}},"type":"if","locations":[{"start":{"line":8,"column":8},"end":{"line":12,"column":9}},{"start":{"line":10,"column":15},"end":{"line":12,"column":9}}],"line":8}},"s":{"0":12,"1":12,"2":12,"3":1,"4":1,"5":0,"6":11,"7":11,"8":1,"9":1},"f":{"0":2,"1":12},"b":{"0":[1,11],"1":[1,0]},"_coverageSchema":"1a1c01bbd47fc00a2c39e90264f33305004495a9","hash":"6bd62fb22c9b88155d03dc83c8feb39e6809ba48"}
,"/home/tobiasegner/jscode/country-info/src/js/database.js": {"path":"/home/tobiasegner/jscode/country-info/src/js/database.js","statementMap":{"0":{"start":{"line":4,"column":18},"end":{"line":4,"column":27}},"1":{"start":{"line":5,"column":20},"end":{"line":5,"column":38}},"2":{"start":{"line":8,"column":4},"end":{"line":15,"column":5}},"3":{"start":{"line":9,"column":25},"end":{"line":9,"column":64}},"4":{"start":{"line":10,"column":23},"end":{"line":10,"column":62}},"5":{"start":{"line":11,"column":8},"end":{"line":11,"column":44}},"6":{"start":{"line":13,"column":8},"end":{"line":13,"column":23}},"7":{"start":{"line":14,"column":8},"end":{"line":14,"column":16}},"8":{"start":{"line":19,"column":20},"end":{"line":19,"column":38}},"9":{"start":{"line":20,"column":4},"end":{"line":30,"column":5}},"10":{"start":{"line":21,"column":8},"end":{"line":21,"column":40}},"11":{"start":{"line":23,"column":6},"end":{"line":29,"column":7}},"12":{"start":{"line":24,"column":8},"end":{"line":24,"column":41}},"13":{"start":{"line":25,"column":8},"end":{"line":25,"column":40}},"14":{"start":{"line":27,"column":8},"end":{"line":27,"column":23}},"15":{"start":{"line":28,"column":8},"end":{"line":28,"column":16}},"16":{"start":{"line":34,"column":4},"end":{"line":34,"column":22}},"17":{"start":{"line":37,"column":2},"end":{"line":37,"column":64}}},"fnMap":{"0":{"name":"database","decl":{"start":{"line":3,"column":16},"end":{"line":3,"column":24}},"loc":{"start":{"line":3,"column":27},"end":{"line":38,"column":1}},"line":3},"1":{"name":"addCountryAsync","decl":{"start":{"line":7,"column":17},"end":{"line":7,"column":32}},"loc":{"start":{"line":7,"column":39},"end":{"line":16,"column":3}},"line":7},"2":{"name":"getCountryByNameAsync","decl":{"start":{"line":18,"column":17},"end":{"line":18,"column":38}},"loc":{"start":{"line":18,"column":45},"end":{"line":31,"column":3}},"line":18},"3":{"name":"clearDatabase","decl":{"start":{"line":33,"column":11},"end":{"line":33,"column":24}},"loc":{"start":{"line":33,"column":27},"end":{"line":35,"column":3}},"line":33}},"branchMap":{"0":{"loc":{"start":{"line":20,"column":4},"end":{"line":30,"column":5}},"type":"if","locations":[{"start":{"line":20,"column":4},"end":{"line":30,"column":5}},{"start":{"line":22,"column":11},"end":{"line":30,"column":5}}],"line":20}},"s":{"0":1,"1":1,"2":11,"3":11,"4":10,"5":10,"6":1,"7":1,"8":3,"9":3,"10":1,"11":2,"12":2,"13":1,"14":1,"15":1,"16":3,"17":1},"f":{"0":1,"1":11,"2":3,"3":3},"b":{"0":[1,2]},"_coverageSchema":"1a1c01bbd47fc00a2c39e90264f33305004495a9","hash":"77f343e5c7a119e92040436d28877d3db00826e0"}
}
