TN:
SF:src/js/apiInterface.js
FN:2,(anonymous_0)
FN:4,(anonymous_1)
FNF:2
FNH:2
FNDA:2,(anonymous_0)
FNDA:12,(anonymous_1)
DA:5,12
DA:6,12
DA:7,12
DA:8,1
DA:9,1
DA:11,0
DA:14,11
DA:15,11
DA:17,1
DA:18,1
LF:10
LH:9
BRDA:7,0,0,1
BRDA:7,0,1,11
BRDA:8,1,0,1
BRDA:8,1,1,0
BRF:4
BRH:3
end_of_record
TN:
SF:src/js/database.js
FN:3,database
FN:7,addCountryAsync
FN:18,getCountryByNameAsync
FN:33,clearDatabase
FNF:4
FNH:4
FNDA:1,database
FNDA:11,addCountryAsync
FNDA:3,getCountryByNameAsync
FNDA:3,clearDatabase
DA:4,1
DA:5,1
DA:8,11
DA:9,11
DA:10,10
DA:11,10
DA:13,1
DA:14,1
DA:19,3
DA:20,3
DA:21,1
DA:23,2
DA:24,2
DA:25,1
DA:27,1
DA:28,1
DA:34,3
DA:37,1
LF:18
LH:18
BRDA:20,0,0,1
BRDA:20,0,1,2
BRF:2
BRH:2
end_of_record
